Thu Feb 26 16:28:46 CET 2026
NVIDIA H100
==========================================
=== Running jester inference (SMC-RW) ===
==========================================
[INFO] jester: Loading configuration from config.yaml
[INFO] jester: JAX devices: [CudaDevice(id=0)]
[INFO] jester: Setting up prior...
[INFO] jester: Prior has 4 dimensions
[INFO] jester: Prior parameter names: ['gamma_0', 'gamma_1', 'gamma_2', 'gamma_3']
[INFO] jester:   [0] gamma_0: Uniform(0.2, 2.0)
[INFO] jester:   [1] gamma_1: Uniform(-1.6, 1.7)
[INFO] jester:   [2] gamma_2: Uniform(-0.6, 0.6)
[INFO] jester:   [3] gamma_3: Uniform(-0.02, 0.02)
[INFO] jester: Setting up transform...
[INFO] jester: Initialized SpectralDecomposition_EOS_model with crust=SLy, n_points=100
[INFO] jester: Initialized JesterTransform: EOS=SpectralDecomposition_EOS_model, TOV=<jesterTOV.tov.gr.GRTOVSolver object at 0x14bb4e3a7830>
[INFO] jester: EOS type: spectral
[INFO] jester: TOV solver: gr
[INFO] jester:   ndat_TOV: 100
[INFO] jester: Checking to prepare GW normalizing flows...
[INFO] jester: Setting up likelihood...
[WARNING] jester: No nf_model_dir provided for event 'GW170817'. Using default preset path: /gpfs/home6/twouters2/projects/jester_review/jester/jesterTOV/inference/flows/models/gw_maf/gw170817/gw170817_xp_nrtv3
[INFO] jester: Loading NF model for GW170817 from /gpfs/home6/twouters2/projects/jester_review/jester/jesterTOV/inference/flows/models/gw_maf/gw170817/gw170817_xp_nrtv3
[INFO] jester: Loaded NF model for GW170817
[INFO] jester: Pre-sampling 2000 mass pairs with seed=42 for GW170817
[INFO] jester: Pre-sampled mass range: m1=[1.362, 1.764] Msun, m2=[1.069, 1.368] Msun
[INFO] jester: Number of enabled likelihoods: 4
[INFO] jester:   - CONSTRAINTS_EOS:
[INFO] jester:     {
      "type": "constraints_eos",
      "penalty_causality": -10000000000.0,
      "penalty_stability": -10000000000.0,
      "penalty_pressure": -10000000000.0
}
[INFO] jester:   - CONSTRAINTS_GAMMA:
[INFO] jester:     {
      "type": "constraints_gamma",
      "penalty_gamma": -10000000000.0
}
[INFO] jester:   - GW:
[INFO] jester:     {
      "type": "gw",
      "events": [
            {
                  "name": "GW170817",
                  "nf_model_dir": null,
                  "from_bilby_result": null,
                  "flow_config": null,
                  "retrain_flow": false
            }
      ],
      "penalty_value": 0.0,
      "N_masses_evaluation": 2000,
      "N_masses_batch_size": 1000,
      "seed": 42
}
[INFO] jester:   - RADIO:
[INFO] jester:     {
      "type": "radio",
      "pulsars": [
            {
                  "name": "J1614",
                  "mass_mean": 1.94,
                  "mass_std": 0.06
            },
            {
                  "name": "J0740",
                  "mass_mean": 2.08,
                  "mass_std": 0.14,
                  "nb_masses": 100.0
            }
      ],
      "penalty_value": -100000.0,
      "nb_masses": 100
}
[INFO] jester: Setting up smc-rw sampler...
[INFO] jester: Initializing BlackJAX SMC sampler with random_walk kernel
[INFO] jester: Configuration: 1000 particles, 10 MCMC steps per tempering stage
[INFO] jester: Target ESS: 0.9
[INFO] jester: ============================================================
[INFO] jester: Configuration Summary
[INFO] jester: ============================================================
[INFO] jester: EOS type: spectral
[INFO] jester: TOV solver: gr
[INFO] jester: Random seed: 43
[INFO] jester: Sampler type: smc-rw
[INFO] jester: Sampler Configuration:
[INFO] jester:   Particles: 1000
[INFO] jester:   MCMC steps: 10
[INFO] jester:   Target ESS: 0.9
[INFO] jester:   EOS samples to generate: 1000
[INFO] jester:   Output directory: ./outdir/
[INFO] jester: ============================================================

[INFO] jester: Testing likelihood evaluation...
[INFO] jester: Test log probabilities: [-7.000002e+11 -9.200000e+11 -9.100002e+11]
[INFO] jester: Starting sampling with seed 43...
[INFO] jester: Starting SMC sampling with random_walk kernel...
[INFO] jester: Using random walk kernel
[INFO] jester: Fixed sigma scaling: 0.05
[INFO] jester: ======================================================================
[INFO] jester: STARTING ADAPTIVE TEMPERING
[INFO] jester: ======================================================================
[INFO] jester: Kernel: RANDOM_WALK
[INFO] jester: Particles: 1000
[INFO] jester: MCMC steps per tempering: 10
[INFO] jester: Target ESS: 90%
[INFO] jester: Temperature progression: lambda = 0 (prior) -> 1 (posterior)
[INFO] jester: Progress updates will be shown after each annealing step
[INFO] jester: ======================================================================
[INFO] jester: Running SMC loop (this may take several minutes)...
[INFO] jester: Step    0 | λ=0.000000 | ESS= 56.4% | Accept= 95.3% | ░░░░░░░░░░░░░░░░░░░░░░░░░░░░░░
[INFO] jester: Step    1 | λ=0.000000 | ESS= 36.6% | Accept= 91.6% | ░░░░░░░░░░░░░░░░░░░░░░░░░░░░░░
[INFO] jester: Step    2 | λ=0.000000 | ESS= 70.6% | Accept= 74.5% | ░░░░░░░░░░░░░░░░░░░░░░░░░░░░░░
[INFO] jester: Step    3 | λ=0.000000 | ESS= 92.2% | Accept= 65.4% | ░░░░░░░░░░░░░░░░░░░░░░░░░░░░░░
[INFO] jester: Step    4 | λ=0.000000 | ESS= 95.0% | Accept= 70.3% | ░░░░░░░░░░░░░░░░░░░░░░░░░░░░░░
[INFO] jester: Step    5 | λ=0.000000 | ESS= 96.0% | Accept= 75.3% | ░░░░░░░░░░░░░░░░░░░░░░░░░░░░░░
[INFO] jester: Step    6 | λ=0.000000 | ESS= 96.6% | Accept= 79.6% | ░░░░░░░░░░░░░░░░░░░░░░░░░░░░░░
[INFO] jester: Step    7 | λ=0.000000 | ESS= 97.0% | Accept= 83.7% | ░░░░░░░░░░░░░░░░░░░░░░░░░░░░░░
[INFO] jester: Step    8 | λ=0.000000 | ESS= 97.3% | Accept= 87.0% | ░░░░░░░░░░░░░░░░░░░░░░░░░░░░░░
[INFO] jester: Step    9 | λ=0.000000 | ESS= 97.6% | Accept= 90.4% | ░░░░░░░░░░░░░░░░░░░░░░░░░░░░░░
[INFO] jester: Step   10 | λ=0.000000 | ESS= 97.9% | Accept= 92.4% | ░░░░░░░░░░░░░░░░░░░░░░░░░░░░░░
[INFO] jester: Step   11 | λ=0.000000 | ESS= 98.3% | Accept= 92.8% | ░░░░░░░░░░░░░░░░░░░░░░░░░░░░░░
[INFO] jester: Step   12 | λ=0.000000 | ESS= 98.1% | Accept= 95.3% | ░░░░░░░░░░░░░░░░░░░░░░░░░░░░░░
[INFO] jester: Step   13 | λ=0.000000 | ESS= 98.6% | Accept= 95.5% | ░░░░░░░░░░░░░░░░░░░░░░░░░░░░░░
[INFO] jester: Step   14 | λ=0.000000 | ESS= 98.2% | Accept= 95.0% | ░░░░░░░░░░░░░░░░░░░░░░░░░░░░░░
[INFO] jester: Step   15 | λ=0.000000 | ESS= 98.5% | Accept= 95.2% | ░░░░░░░░░░░░░░░░░░░░░░░░░░░░░░
[INFO] jester: Step   16 | λ=0.000000 | ESS= 98.1% | Accept= 95.8% | ░░░░░░░░░░░░░░░░░░░░░░░░░░░░░░
[INFO] jester: Step   17 | λ=0.000000 | ESS= 98.3% | Accept= 95.9% | ░░░░░░░░░░░░░░░░░░░░░░░░░░░░░░
[INFO] jester: Step   18 | λ=0.000000 | ESS= 98.6% | Accept= 96.1% | ░░░░░░░░░░░░░░░░░░░░░░░░░░░░░░
[INFO] jester: Step   19 | λ=0.000000 | ESS= 98.4% | Accept= 95.6% | ░░░░░░░░░░░░░░░░░░░░░░░░░░░░░░
[INFO] jester: Step   20 | λ=0.000000 | ESS= 97.9% | Accept= 95.7% | ░░░░░░░░░░░░░░░░░░░░░░░░░░░░░░
[INFO] jester: Step   21 | λ=0.000000 | ESS= 98.0% | Accept= 95.8% | ░░░░░░░░░░░░░░░░░░░░░░░░░░░░░░
[INFO] jester: Step   22 | λ=0.000000 | ESS= 98.4% | Accept= 95.2% | ░░░░░░░░░░░░░░░░░░░░░░░░░░░░░░
[INFO] jester: Step   23 | λ=0.000000 | ESS= 98.5% | Accept= 95.7% | ░░░░░░░░░░░░░░░░░░░░░░░░░░░░░░
[INFO] jester: Step   24 | λ=0.000000 | ESS= 99.2% | Accept= 95.6% | ░░░░░░░░░░░░░░░░░░░░░░░░░░░░░░
[INFO] jester: Step   25 | λ=0.000000 | ESS= 99.5% | Accept= 96.0% | ░░░░░░░░░░░░░░░░░░░░░░░░░░░░░░
[INFO] jester: Step   26 | λ=0.000000 | ESS= 99.7% | Accept= 95.7% | ░░░░░░░░░░░░░░░░░░░░░░░░░░░░░░
[INFO] jester: Step   27 | λ=0.000000 | ESS= 99.9% | Accept= 95.7% | ░░░░░░░░░░░░░░░░░░░░░░░░░░░░░░
[INFO] jester: Step   28 | λ=0.000000 | ESS=100.0% | Accept= 95.3% | ░░░░░░░░░░░░░░░░░░░░░░░░░░░░░░
[INFO] jester: Step   29 | λ=0.000009 | ESS= 99.9% | Accept= 95.8% | ░░░░░░░░░░░░░░░░░░░░░░░░░░░░░░
[INFO] jester: Step   30 | λ=0.000020 | ESS= 99.9% | Accept= 95.6% | ░░░░░░░░░░░░░░░░░░░░░░░░░░░░░░
[INFO] jester: Step   31 | λ=0.000032 | ESS=100.0% | Accept= 95.5% | ░░░░░░░░░░░░░░░░░░░░░░░░░░░░░░
[INFO] jester: Step   32 | λ=0.001957 | ESS= 89.6% | Accept= 95.7% | ░░░░░░░░░░░░░░░░░░░░░░░░░░░░░░
[INFO] jester: Step   33 | λ=0.003883 | ESS= 91.2% | Accept= 94.2% | ░░░░░░░░░░░░░░░░░░░░░░░░░░░░░░
[INFO] jester: Step   34 | λ=0.005718 | ESS= 93.9% | Accept= 93.0% | ░░░░░░░░░░░░░░░░░░░░░░░░░░░░░░
[INFO] jester: Step   35 | λ=0.007676 | ESS= 94.3% | Accept= 92.1% | ░░░░░░░░░░░░░░░░░░░░░░░░░░░░░░
[INFO] jester: Step   36 | λ=0.009717 | ESS= 95.4% | Accept= 92.0% | ░░░░░░░░░░░░░░░░░░░░░░░░░░░░░░
[INFO] jester: Step   37 | λ=0.011937 | ESS= 96.0% | Accept= 91.7% | ░░░░░░░░░░░░░░░░░░░░░░░░░░░░░░
[INFO] jester: Step   38 | λ=0.014342 | ESS= 96.7% | Accept= 91.3% | ░░░░░░░░░░░░░░░░░░░░░░░░░░░░░░
[INFO] jester: Step   39 | λ=0.017210 | ESS= 97.1% | Accept= 91.3% | ░░░░░░░░░░░░░░░░░░░░░░░░░░░░░░
[INFO] jester: Step   40 | λ=0.020785 | ESS= 97.2% | Accept= 92.2% | ░░░░░░░░░░░░░░░░░░░░░░░░░░░░░░
[INFO] jester: Step   41 | λ=0.024913 | ESS= 97.9% | Accept= 92.9% | ░░░░░░░░░░░░░░░░░░░░░░░░░░░░░░
[INFO] jester: Step   42 | λ=0.029890 | ESS= 98.4% | Accept= 93.2% | ░░░░░░░░░░░░░░░░░░░░░░░░░░░░░░
[INFO] jester: Step   43 | λ=0.036148 | ESS= 98.7% | Accept= 94.0% | █░░░░░░░░░░░░░░░░░░░░░░░░░░░░░
[INFO] jester: Step   44 | λ=0.044358 | ESS= 98.9% | Accept= 94.5% | █░░░░░░░░░░░░░░░░░░░░░░░░░░░░░
[INFO] jester: Step   45 | λ=0.054883 | ESS= 98.7% | Accept= 94.6% | █░░░░░░░░░░░░░░░░░░░░░░░░░░░░░
[INFO] jester: Step   46 | λ=0.066681 | ESS= 99.0% | Accept= 95.4% | ██░░░░░░░░░░░░░░░░░░░░░░░░░░░░
[INFO] jester: Step   47 | λ=0.088118 | ESS= 98.0% | Accept= 95.0% | ██░░░░░░░░░░░░░░░░░░░░░░░░░░░░
[INFO] jester: Step   48 | λ=0.110673 | ESS= 98.5% | Accept= 94.8% | ███░░░░░░░░░░░░░░░░░░░░░░░░░░░
[INFO] jester: Step   49 | λ=0.143058 | ESS= 98.1% | Accept= 95.0% | ████░░░░░░░░░░░░░░░░░░░░░░░░░░
[INFO] jester: Step   50 | λ=0.188170 | ESS= 97.3% | Accept= 94.9% | █████░░░░░░░░░░░░░░░░░░░░░░░░░
[INFO] jester: Step   51 | λ=0.244843 | ESS= 97.2% | Accept= 95.0% | ███████░░░░░░░░░░░░░░░░░░░░░░░
[INFO] jester: Step   52 | λ=0.311375 | ESS= 97.3% | Accept= 95.0% | █████████░░░░░░░░░░░░░░░░░░░░░
[INFO] jester: Step   53 | λ=0.394280 | ESS= 97.1% | Accept= 94.9% | ███████████░░░░░░░░░░░░░░░░░░░
[INFO] jester: Step   54 | λ=0.491253 | ESS= 97.4% | Accept= 95.2% | ██████████████░░░░░░░░░░░░░░░░
[INFO] jester: Step   55 | λ=0.614434 | ESS= 97.2% | Accept= 95.1% | ██████████████████░░░░░░░░░░░░
[INFO] jester: Step   56 | λ=0.759680 | ESS= 97.2% | Accept= 94.5% | ██████████████████████░░░░░░░░
[INFO] jester: Step   57 | λ=0.936810 | ESS= 97.0% | Accept= 94.2% | ████████████████████████████░░
[INFO] jester: Step   58 | λ=1.000000 | ESS= 99.6% | Accept= 94.2% | ██████████████████████████████
[INFO] jester: Sampling complete! Runtime: 22 min 28 sec
[INFO] jester: Generating SMC diagnostic plots...
[INFO] jester: Saved diagnostic plot to outdir/smc_diagnostics.png
[INFO] jester: Creating InferenceResult from sampler output...
[INFO] jester: Extracting results from blackjax_smc_rw sampler
[INFO] jester: Computed 1000 log probability values
[INFO] jester: ============================================================
[INFO] jester: Generating EOS from posterior samples
[INFO] jester: ============================================================
[INFO] jester: Generating EOS for all 1000 posterior samples
[INFO] jester: Applying transform to 1000 samples...
[INFO] jester: Using batch size: 1000
[INFO] jester: TOV solve time: 7.36 s (1000 samples)
[INFO] jester: Adding derived EOS quantities to posterior
[INFO] jester: Added 7 derived EOS quantities
[INFO] jester: EOS generation complete!
[INFO] jester: ============================================================
[INFO] jester: Saving inference results to outdir/results.h5
[INFO] jester: Successfully saved results to outdir/results.h5
[INFO] jester: Results saved to ./outdir/results.h5
[INFO] jester: 
============================================================
[INFO] jester: Running postprocessing...
[INFO] jester: ============================================================
[INFO] jester: TeX rendering enabled
[INFO] jester: Generating plots for directory: ./outdir/
[INFO] jester: Saving plots to: ./outdir/figures
[INFO] jester: Loading inference results from outdir/results.h5
[INFO] jester: Successfully loaded blackjax_smc_rw results
[INFO] jester: Found 4 parameter names in metadata: ['gamma_0', 'gamma_1', 'gamma_2', 'gamma_3']
[INFO] jester: Data loaded successfully!
[INFO] jester: Creating cornerplot...
[INFO] jester: Creating cornerplot with 4 parameters
[INFO] jester: Cornerplot saved to ./outdir/figures/cornerplot.pdf
[INFO] jester: Creating mass-radius plot...
[INFO] jester: Number of samples: 1000
[INFO] jester: Plotting 1000 M-R curves (excluded 0 invalid samples)...
[INFO] jester: Mass-radius plot saved to ./outdir/figures/mass_radius_plot.pdf
[INFO] jester: Creating mass-Lambda plot...
[INFO] jester: Number of samples: 1000
[INFO] jester: Plotting 1000 M-Lambda curves (excluded 0 invalid samples)...
[INFO] jester: Mass-Lambda plot saved to ./outdir/figures/mass_lambda_plot.pdf
[INFO] jester: Creating pressure-density plot...
[INFO] jester: Plotting 1000 p-n curves...
[INFO] jester: Excluded 0 invalid samples
[INFO] jester: Pressure-density plot saved to ./outdir/figures/pressure_density_plot.pdf
[INFO] jester: Creating parameter histograms...
[INFO] jester: MTOV histogram saved to ./outdir/figures/MTOV_histogram.pdf
[INFO] jester: R14 histogram saved to ./outdir/figures/R14_histogram.pdf
[INFO] jester: Lambda14 histogram saved to ./outdir/figures/Lambda14_histogram.pdf
[INFO] jester: p3nsat histogram saved to ./outdir/figures/p3nsat_histogram.pdf
[INFO] jester: Creating cs2-density plot...
[INFO] jester: Plotting 1000 cs2-n curves...
[INFO] jester: Excluded 0 invalid samples
[INFO] jester: cs2-density plot saved to ./outdir/figures/cs2_density_plot.pdf
[INFO] jester: All plots generated and saved to ./outdir/figures
[INFO] jester: 
Postprocessing complete! Plots saved to ./outdir/
[INFO] jester: 
Inference complete! Results saved to ./outdir/
