Thu Feb 26 18:59:44 CET 2026
NVIDIA H100
==========================================
=== Running jester inference (SMC-RW) ===
==========================================
[INFO] jester: Loading configuration from config.yaml
[INFO] jester: JAX devices: [CudaDevice(id=0)]
[INFO] jester: Setting up prior...
[INFO] jester: Prior has 4 dimensions
[INFO] jester: Prior parameter names: ['gamma_0_tilde', 'gamma_1_tilde', 'gamma_2_tilde', 'gamma_3_tilde']
[INFO] jester:   [0] gamma_0_tilde: MultivariateGaussianPrior
[INFO] jester:   [1] gamma_1_tilde: MultivariateGaussianPrior
[INFO] jester:   [2] gamma_2_tilde: MultivariateGaussianPrior
[INFO] jester:   [3] gamma_3_tilde: MultivariateGaussianPrior
[INFO] jester: Setting up transform...
[INFO] jester: Initialized SpectralDecomposition_EOS_model with crust=SLy, n_points=100
[INFO] jester: Initialized JesterTransform: EOS=SpectralDecomposition_EOS_model, TOV=<jesterTOV.tov.gr.GRTOVSolver object at 0x145bc1ba9670>
[INFO] jester: EOS type: spectral
[INFO] jester: TOV solver: gr
[INFO] jester:   ndat_TOV: 100
[INFO] jester: Checking to prepare GW normalizing flows...
[INFO] jester: Setting up likelihood...
[WARNING] jester: No nf_model_dir provided for event 'GW170817'. Using default preset path: /gpfs/home6/twouters2/projects/jester_review/jester/jesterTOV/inference/flows/models/gw_maf/gw170817/gw170817_xp_nrtv3
[INFO] jester: Loading NF model for GW170817 from /gpfs/home6/twouters2/projects/jester_review/jester/jesterTOV/inference/flows/models/gw_maf/gw170817/gw170817_xp_nrtv3
[INFO] jester: Loaded NF model for GW170817
[INFO] jester: Pre-sampling 2000 mass pairs with seed=42 for GW170817
[INFO] jester: Pre-sampled mass range: m1=[1.362, 1.764] Msun, m2=[1.069, 1.368] Msun
[INFO] jester: Number of enabled likelihoods: 3
[INFO] jester:   - CONSTRAINTS_EOS:
[INFO] jester:     {
      "type": "constraints_eos",
      "penalty_causality": -10000000000.0,
      "penalty_stability": -10000000000.0,
      "penalty_pressure": -10000000000.0
}
[INFO] jester:   - CONSTRAINTS_GAMMA:
[INFO] jester:     {
      "type": "constraints_gamma",
      "penalty_gamma": -10000000000.0
}
[INFO] jester:   - GW:
[INFO] jester:     {
      "type": "gw",
      "events": [
            {
                  "name": "GW170817",
                  "nf_model_dir": null,
                  "from_bilby_result": null,
                  "flow_config": null,
                  "retrain_flow": false
            }
      ],
      "penalty_value": 0.0,
      "N_masses_evaluation": 2000,
      "N_masses_batch_size": 1000,
      "seed": 42
}
[INFO] jester: Setting up smc-rw sampler...
[INFO] jester: Initializing BlackJAX SMC sampler with random_walk kernel
[INFO] jester: Configuration: 5000 particles, 10 MCMC steps per tempering stage
[INFO] jester: Target ESS: 0.9
[INFO] jester: ============================================================
[INFO] jester: Configuration Summary
[INFO] jester: ============================================================
[INFO] jester: EOS type: spectral
[INFO] jester: TOV solver: gr
[INFO] jester: Random seed: 43
[INFO] jester: Sampler type: smc-rw
[INFO] jester: Sampler Configuration:
[INFO] jester:   Particles: 5000
[INFO] jester:   MCMC steps: 10
[INFO] jester:   Target ESS: 0.9
[INFO] jester:   EOS samples to generate: 5000
[INFO] jester:   Output directory: ./outdir/
[INFO] jester: ============================================================

[INFO] jester: Testing likelihood evaluation...
[INFO] jester: Test log probabilities: [-6.00000000e+10 -1.64518989e+01 -9.67421031e+00]
[INFO] jester: Starting sampling with seed 43...
[INFO] jester: Starting SMC sampling with random_walk kernel...
[INFO] jester: Using random walk kernel
[INFO] jester: Fixed sigma scaling: 0.5
[INFO] jester: ======================================================================
[INFO] jester: STARTING ADAPTIVE TEMPERING
[INFO] jester: ======================================================================
[INFO] jester: Kernel: RANDOM_WALK
[INFO] jester: Particles: 5000
[INFO] jester: MCMC steps per tempering: 10
[INFO] jester: Target ESS: 90%
[INFO] jester: Temperature progression: lambda = 0 (prior) -> 1 (posterior)
[INFO] jester: Progress updates will be shown after each annealing step
[INFO] jester: ======================================================================
[INFO] jester: Running SMC loop (this may take several minutes)...
[INFO] jester: Step    0 | λ=0.000000 | ESS= 97.8% | Accept= 64.1% | ░░░░░░░░░░░░░░░░░░░░░░░░░░░░░░
[INFO] jester: Step    1 | λ=0.000000 | ESS= 98.7% | Accept= 63.4% | ░░░░░░░░░░░░░░░░░░░░░░░░░░░░░░
[INFO] jester: Step    2 | λ=0.000000 | ESS= 99.1% | Accept= 63.8% | ░░░░░░░░░░░░░░░░░░░░░░░░░░░░░░
[INFO] jester: Step    3 | λ=0.000000 | ESS= 99.1% | Accept= 64.1% | ░░░░░░░░░░░░░░░░░░░░░░░░░░░░░░
[INFO] jester: Step    4 | λ=0.000000 | ESS= 99.5% | Accept= 63.8% | ░░░░░░░░░░░░░░░░░░░░░░░░░░░░░░
[INFO] jester: Step    5 | λ=0.000000 | ESS= 99.4% | Accept= 64.3% | ░░░░░░░░░░░░░░░░░░░░░░░░░░░░░░
[INFO] jester: Step    6 | λ=0.000000 | ESS= 99.4% | Accept= 64.2% | ░░░░░░░░░░░░░░░░░░░░░░░░░░░░░░
[INFO] jester: Step    7 | λ=0.000000 | ESS= 99.5% | Accept= 64.2% | ░░░░░░░░░░░░░░░░░░░░░░░░░░░░░░
[INFO] jester: Step    8 | λ=0.000000 | ESS= 99.4% | Accept= 63.9% | ░░░░░░░░░░░░░░░░░░░░░░░░░░░░░░
[INFO] jester: Step    9 | λ=0.000000 | ESS= 99.4% | Accept= 63.7% | ░░░░░░░░░░░░░░░░░░░░░░░░░░░░░░
[INFO] jester: Step   10 | λ=0.000000 | ESS= 99.5% | Accept= 64.0% | ░░░░░░░░░░░░░░░░░░░░░░░░░░░░░░
[INFO] jester: Step   11 | λ=0.000000 | ESS= 99.6% | Accept= 64.1% | ░░░░░░░░░░░░░░░░░░░░░░░░░░░░░░
[INFO] jester: Step   12 | λ=0.000000 | ESS= 99.8% | Accept= 63.9% | ░░░░░░░░░░░░░░░░░░░░░░░░░░░░░░
[INFO] jester: Step   13 | λ=0.000000 | ESS=100.0% | Accept= 64.2% | ░░░░░░░░░░░░░░░░░░░░░░░░░░░░░░
[INFO] jester: Step   14 | λ=0.000000 | ESS=100.0% | Accept= 63.5% | ░░░░░░░░░░░░░░░░░░░░░░░░░░░░░░
[INFO] jester: Step   15 | λ=0.000000 | ESS=100.0% | Accept= 63.9% | ░░░░░░░░░░░░░░░░░░░░░░░░░░░░░░
[INFO] jester: Step   16 | λ=0.084961 | ESS= 92.3% | Accept= 64.0% | ██░░░░░░░░░░░░░░░░░░░░░░░░░░░░
[INFO] jester: Step   17 | λ=0.169545 | ESS= 93.9% | Accept= 64.0% | █████░░░░░░░░░░░░░░░░░░░░░░░░░
[INFO] jester: Step   18 | λ=0.256879 | ESS= 95.1% | Accept= 63.4% | ███████░░░░░░░░░░░░░░░░░░░░░░░
[INFO] jester: Step   19 | λ=0.355393 | ESS= 95.5% | Accept= 62.9% | ██████████░░░░░░░░░░░░░░░░░░░░
[INFO] jester: Step   20 | λ=0.462644 | ESS= 96.3% | Accept= 62.5% | █████████████░░░░░░░░░░░░░░░░░
[INFO] jester: Step   21 | λ=0.583569 | ESS= 96.6% | Accept= 62.8% | █████████████████░░░░░░░░░░░░░
[INFO] jester: Step   22 | λ=0.729411 | ESS= 96.4% | Accept= 62.8% | █████████████████████░░░░░░░░░
[INFO] jester: Step   23 | λ=0.895622 | ESS= 96.2% | Accept= 62.4% | ██████████████████████████░░░░
[INFO] jester: Step   24 | λ=1.000000 | ESS= 98.8% | Accept= 62.1% | ██████████████████████████████
[INFO] jester: Sampling complete! Runtime: 3 min 40 sec
[INFO] jester: Generating SMC diagnostic plots...
[INFO] jester: Saved diagnostic plot to outdir/smc_diagnostics.png
[INFO] jester: Creating InferenceResult from sampler output...
[INFO] jester: Extracting results from blackjax_smc_rw sampler
[INFO] jester: Computed 5000 log probability values
[INFO] jester: ============================================================
[INFO] jester: Generating EOS from posterior samples
[INFO] jester: ============================================================
[INFO] jester: Generating EOS for all 5000 posterior samples
[INFO] jester: Applying transform to 5000 samples...
[INFO] jester: Using batch size: 1000
[INFO] jester: TOV solve time: 8.82 s (5000 samples)
[INFO] jester: Adding derived EOS quantities to posterior
[INFO] jester: Added 7 derived EOS quantities
[INFO] jester: EOS generation complete!
[INFO] jester: ============================================================
[INFO] jester: Saving inference results to outdir/results.h5
[INFO] jester: Successfully saved results to outdir/results.h5
[INFO] jester: Results saved to ./outdir/results.h5
[INFO] jester: 
============================================================
[INFO] jester: Running postprocessing...
[INFO] jester: ============================================================
[INFO] jester: TeX rendering enabled
[INFO] jester: Generating plots for directory: ./outdir/
[INFO] jester: Saving plots to: ./outdir/figures
[INFO] jester: Loading inference results from outdir/results.h5
[INFO] jester: Successfully loaded blackjax_smc_rw results
[INFO] jester: Found 4 parameter names in metadata: ['gamma_0_tilde', 'gamma_1_tilde', 'gamma_2_tilde', 'gamma_3_tilde']
[INFO] jester: Data loaded successfully!
[INFO] jester: Creating cornerplot...
[INFO] jester: Creating cornerplot with 4 parameters
[INFO] jester: Cornerplot saved to ./outdir/figures/cornerplot.pdf
[INFO] jester: Creating mass-radius plot...
[INFO] jester: Number of samples: 5000
[INFO] jester: Plotting 5000 M-R curves (excluded 0 invalid samples)...
[INFO] jester: Mass-radius plot saved to ./outdir/figures/mass_radius_plot.pdf
[INFO] jester: Creating mass-Lambda plot...
[INFO] jester: Number of samples: 5000
[INFO] jester: Plotting 5000 M-Lambda curves (excluded 0 invalid samples)...
[INFO] jester: Mass-Lambda plot saved to ./outdir/figures/mass_lambda_plot.pdf
[INFO] jester: Creating pressure-density plot...
[INFO] jester: Plotting 5000 p-n curves...
[INFO] jester: Excluded 0 invalid samples
[INFO] jester: Pressure-density plot saved to ./outdir/figures/pressure_density_plot.pdf
[INFO] jester: Creating parameter histograms...
[INFO] jester: MTOV histogram saved to ./outdir/figures/MTOV_histogram.pdf
[INFO] jester: R14 histogram saved to ./outdir/figures/R14_histogram.pdf
[INFO] jester: Lambda14 histogram saved to ./outdir/figures/Lambda14_histogram.pdf
[INFO] jester: p3nsat histogram saved to ./outdir/figures/p3nsat_histogram.pdf
[INFO] jester: Creating cs2-density plot...
[INFO] jester: Plotting 5000 cs2-n curves...
[INFO] jester: Excluded 0 invalid samples
[INFO] jester: cs2-density plot saved to ./outdir/figures/cs2_density_plot.pdf
[INFO] jester: All plots generated and saved to ./outdir/figures
[INFO] jester: 
Postprocessing complete! Plots saved to ./outdir/
[INFO] jester: 
Inference complete! Results saved to ./outdir/
